# JRE version: OpenJDK Runtime Environment (8.0_152-b01) (build 1.8.0_152-release-1343-b01)
# Java VM: OpenJDK 64-Bit Server VM (25.152-b01 mixed mode windows-amd64 compressed oops)
Heap:
 PSYoungGen      total 166400K, used 150398K [0x00000000e0000000, 0x00000000ed380000, 0x0000000100000000)
  eden space 150528K, 99% used [0x00000000e0000000,0x00000000e92df8f0,0x00000000e9300000)
  from space 15872K, 0% used [0x00000000e9300000,0x00000000e9300000,0x00000000ea280000)
  to   space 15360K, 99% used [0x00000000ec480000,0x00000000ed37b440,0x00000000ed380000)
 ParOldGen       total 90624K, used 31056K [0x00000000a0000000, 0x00000000a5880000, 0x00000000e0000000)
  object space 90624K, 34% used [0x00000000a0000000,0x00000000a1e54208,0x00000000a5880000)
 Metaspace       used 62339K, capacity 64192K, committed 64344K, reserved 1105920K
  class space    used 8379K, capacity 8811K, committed 8832K, reserved 1048576K
GC Heap History (10 events):
Event: 14.905 GC heap after
Heap after GC invocations=12 (full 2):
 PSYoungGen      total 136192K, used 0K [0x00000000e0000000, 0x00000000ebb80000, 0x0000000100000000)
  eden space 124416K, 0% used [0x00000000e0000000,0x00000000e0000000,0x00000000e7980000)
  from space 11776K, 0% used [0x00000000e8580000,0x00000000e8580000,0x00000000e9100000)
  to   space 12288K, 0% used [0x00000000e7980000,0x00000000e7980000,0x00000000e8580000)
 ParOldGen       total 58368K, used 15549K [0x00000000a0000000, 0x00000000a3900000, 0x00000000e0000000)
  object space 58368K, 26% used [0x00000000a0000000,0x00000000a0f2f628,0x00000000a3900000)
 Metaspace       used 34784K, capacity 35400K, committed 35456K, reserved 1079296K
  class space    used 4798K, capacity 4987K, committed 4992K, reserved 1048576K
}
Event: 19.139 GC heap before
{Heap before GC invocations=13 (full 2):
 PSYoungGen      total 136192K, used 124416K [0x00000000e0000000, 0x00000000ebb80000, 0x0000000100000000)
  eden space 124416K, 100% used [0x00000000e0000000,0x00000000e7980000,0x00000000e7980000)
  from space 11776K, 0% used [0x00000000e8580000,0x00000000e8580000,0x00000000e9100000)
  to   space 12288K, 0% used [0x00000000e7980000,0x00000000e7980000,0x00000000e8580000)
 ParOldGen       total 58368K, used 15549K [0x00000000a0000000, 0x00000000a3900000, 0x00000000e0000000)
  object space 58368K, 26% used [0x00000000a0000000,0x00000000a0f2f628,0x00000000a3900000)
 Metaspace       used 46333K, capacity 47302K, committed 47616K, reserved 1089536K
  class space    used 6283K, capacity 6538K, committed 6656K, reserved 1048576K
Event: 19.167 GC heap after
Heap after GC invocations=13 (full 2):
 PSYoungGen      total 136704K, used 12256K [0x00000000e0000000, 0x00000000eb300000, 0x0000000100000000)
  eden space 124416K, 0% used [0x00000000e0000000,0x00000000e0000000,0x00000000e7980000)
  from space 12288K, 99% used [0x00000000e7980000,0x00000000e8578178,0x00000000e8580000)
  to   space 15360K, 0% used [0x00000000ea400000,0x00000000ea400000,0x00000000eb300000)
 ParOldGen       total 58368K, used 19023K [0x00000000a0000000, 0x00000000a3900000, 0x00000000e0000000)
  object space 58368K, 32% used [0x00000000a0000000,0x00000000a1293d18,0x00000000a3900000)
 Metaspace       used 46333K, capacity 47302K, committed 47616K, reserved 1089536K
  class space    used 6283K, capacity 6538K, committed 6656K, reserved 1048576K
}
Event: 23.028 GC heap before
{Heap before GC invocations=14 (full 2):
 PSYoungGen      total 136704K, used 136672K [0x00000000e0000000, 0x00000000eb300000, 0x0000000100000000)
  eden space 124416K, 100% used [0x00000000e0000000,0x00000000e7980000,0x00000000e7980000)
  from space 12288K, 99% used [0x00000000e7980000,0x00000000e8578178,0x00000000e8580000)
  to   space 15360K, 0% used [0x00000000ea400000,0x00000000ea400000,0x00000000eb300000)
 ParOldGen       total 58368K, used 19023K [0x00000000a0000000, 0x00000000a3900000, 0x00000000e0000000)
  object space 58368K, 32% used [0x00000000a0000000,0x00000000a1293d18,0x00000000a3900000)
 Metaspace       used 55253K, capacity 56550K, committed 56704K, reserved 1097728K
  class space    used 7401K, capacity 7754K, committed 7808K, reserved 1048576K
Event: 23.059 GC heap after
Heap after GC invocations=14 (full 2):
 PSYoungGen      total 164864K, used 10811K [0x00000000e0000000, 0x00000000eb200000, 0x0000000100000000)
  eden space 150528K, 0% used [0x00000000e0000000,0x00000000e0000000,0x00000000e9300000)
  from space 14336K, 75% used [0x00000000ea400000,0x00000000eae8ed40,0x00000000eb200000)
  to   space 15872K, 0% used [0x00000000e9300000,0x00000000e9300000,0x00000000ea280000)
 ParOldGen       total 58368K, used 26506K [0x00000000a0000000, 0x00000000a3900000, 0x00000000e0000000)
  object space 58368K, 45% used [0x00000000a0000000,0x00000000a19e2b40,0x00000000a3900000)
 Metaspace       used 55253K, capacity 56550K, committed 56704K, reserved 1097728K
  class space    used 7401K, capacity 7754K, committed 7808K, reserved 1048576K
}
Event: 24.757 GC heap before
{Heap before GC invocations=15 (full 2):
 PSYoungGen      total 164864K, used 37314K [0x00000000e0000000, 0x00000000eb200000, 0x0000000100000000)
  eden space 150528K, 17% used [0x00000000e0000000,0x00000000e19e1b90,0x00000000e9300000)
  from space 14336K, 75% used [0x00000000ea400000,0x00000000eae8ed40,0x00000000eb200000)
  to   space 15872K, 0% used [0x00000000e9300000,0x00000000e9300000,0x00000000ea280000)
 ParOldGen       total 58368K, used 26506K [0x00000000a0000000, 0x00000000a3900000, 0x00000000e0000000)
  object space 58368K, 45% used [0x00000000a0000000,0x00000000a19e2b40,0x00000000a3900000)
 Metaspace       used 57477K, capacity 58964K, committed 59096K, reserved 1099776K
  class space    used 7739K, capacity 8107K, committed 8192K, reserved 1048576K
Event: 24.794 GC heap after
Heap after GC invocations=15 (full 2):
 PSYoungGen      total 166400K, used 6442K [0x00000000e0000000, 0x00000000ed380000, 0x0000000100000000)
  eden space 150528K, 0% used [0x00000000e0000000,0x00000000e0000000,0x00000000e9300000)
  from space 15872K, 40% used [0x00000000e9300000,0x00000000e994a9f8,0x00000000ea280000)
  to   space 15360K, 0% used [0x00000000ec480000,0x00000000ec480000,0x00000000ed380000)
 ParOldGen       total 58368K, used 26514K [0x00000000a0000000, 0x00000000a3900000, 0x00000000e0000000)
  object space 58368K, 45% used [0x00000000a0000000,0x00000000a19e4b40,0x00000000a3900000)
 Metaspace       used 57477K, capacity 58964K, committed 59096K, reserved 1099776K
  class space    used 7739K, capacity 8107K, committed 8192K, reserved 1048576K
}
Event: 24.794 GC heap before
{Heap before GC invocations=16 (full 3):
 PSYoungGen      total 166400K, used 6442K [0x00000000e0000000, 0x00000000ed380000, 0x0000000100000000)
  eden space 150528K, 0% used [0x00000000e0000000,0x00000000e0000000,0x00000000e9300000)
  from space 15872K, 40% used [0x00000000e9300000,0x00000000e994a9f8,0x00000000ea280000)
  to   space 15360K, 0% used [0x00000000ec480000,0x00000000ec480000,0x00000000ed380000)
 ParOldGen       total 58368K, used 26514K [0x00000000a0000000, 0x00000000a3900000, 0x00000000e0000000)
  object space 58368K, 45% used [0x00000000a0000000,0x00000000a19e4b40,0x00000000a3900000)
 Metaspace       used 57477K, capacity 58964K, committed 59096K, reserved 1099776K
  class space    used 7739K, capacity 8107K, committed 8192K, reserved 1048576K
Event: 25.389 GC heap after
Heap after GC invocations=16 (full 3):
 PSYoungGen      total 166400K, used 0K [0x00000000e0000000, 0x00000000ed380000, 0x0000000100000000)
  eden space 150528K, 0% used [0x00000000e0000000,0x00000000e0000000,0x00000000e9300000)
  from space 15872K, 0% used [0x00000000e9300000,0x00000000e9300000,0x00000000ea280000)
  to   space 15360K, 0% used [0x00000000ec480000,0x00000000ec480000,0x00000000ed380000)
 ParOldGen       total 90624K, used 27816K [0x00000000a0000000, 0x00000000a5880000, 0x00000000e0000000)
  object space 90624K, 30% used [0x00000000a0000000,0x00000000a1b2a1b8,0x00000000a5880000)
 Metaspace       used 57477K, capacity 58964K, committed 59096K, reserved 1099776K
  class space    used 7739K, capacity 8107K, committed 8192K, reserved 1048576K
}
Event: 32.962 GC heap before
{Heap before GC invocations=17 (full 3):
 PSYoungGen      total 166400K, used 150398K [0x00000000e0000000, 0x00000000ed380000, 0x0000000100000000)
  eden space 150528K, 99% used [0x00000000e0000000,0x00000000e92df8f0,0x00000000e9300000)
  from space 15872K, 0% used [0x00000000e9300000,0x00000000e9300000,0x00000000ea280000)
  to   space 15360K, 0% used [0x00000000ec480000,0x00000000ec480000,0x00000000ed380000)
 ParOldGen       total 90624K, used 27816K [0x00000000a0000000, 0x00000000a5880000, 0x00000000e0000000)
  object space 90624K, 30% used [0x00000000a0000000,0x00000000a1b2a1b8,0x00000000a5880000)
 Metaspace       used 62339K, capacity 64192K, committed 64344K, reserved 1105920K
  class space    used 8379K, capacity 8811K, committed 8832K, reserved 1048576K

